<?xml version="1.0" encoding="UTF-8"?>
<!-- Generated by org.testng.reporters.JUnitReportReporter -->
<testsuite hostname="LAPTOP-B9TEU0I3" name="xzpractice.TestMe" tests="1" failures="0" timestamp="26 Feb 2019 19:38:23 GMT" time="15.089" errors="0">
  <testcase name="testCase1" time="15.089" classname="xzpractice.TestMe"/>
</testsuite> <!-- xzpractice.TestMe -->
